<?xml version="1.0" encoding="UTF-8" ?>
<testsuite errors="0" failures="0" hostname="macbook42.fritz.box" name="tests.TestClass" skipped="0" tests="2" time="0.132" timestamp="2015-04-07T12:38:40">
  <properties>
    <property name="java.vendor" value="Oracle Corporation" />
    <property name="sun.java.launcher" value="SUN_STANDARD" />
    <property name="eclipse.pdebuild.templates" value="/Applications/eclipse/plugins/org.eclipse.pde.build_3.9.0.v20140415-2029/templates//" />
    <property name="sun.management.compiler" value="HotSpot 64-Bit Tiered Compilers" />
    <property name="dist" value="/Users/silvan/SE2Proj/workspace/jbomberman/dist" />
    <property name="os.name" value="Mac OS X" />
    <property name="sun.boot.class.path" value="/Library/Java/JavaVirtualMachines/jdk1.8.0_20.jdk/Contents/Home/jre/lib/resources.jar:/Library/Java/JavaVirtualMachines/jdk1.8.0_20.jdk/Contents/Home/jre/lib/rt.jar:/Library/Java/JavaVirtualMachines/jdk1.8.0_20.jdk/Contents/Home/jre/lib/sunrsasign.jar:/Library/Java/JavaVirtualMachines/jdk1.8.0_20.jdk/Contents/Home/jre/lib/jsse.jar:/Library/Java/JavaVirtualMachines/jdk1.8.0_20.jdk/Contents/Home/jre/lib/jce.jar:/Library/Java/JavaVirtualMachines/jdk1.8.0_20.jdk/Contents/Home/jre/lib/charsets.jar:/Library/Java/JavaVirtualMachines/jdk1.8.0_20.jdk/Contents/Home/jre/lib/jfr.jar:/Library/Java/JavaVirtualMachines/jdk1.8.0_20.jdk/Contents/Home/jre/classes" />
    <property name="TODAY" value="April 7 2015" />
    <property name="user.country.format" value="CH" />
    <property name="java.vm.specification.vendor" value="Oracle Corporation" />
    <property name="ant.home" value="/Applications/eclipse/plugins/org.apache.ant_1.9.2.v201404171502" />
    <property name="java.runtime.version" value="1.8.0_20-b26" />
    <property name="user.name" value="silvan" />
    <property name="user.language" value="en" />
    <property name="build" value="/Users/silvan/SE2Proj/workspace/jbomberman/build" />
    <property name="sun.boot.library.path" value="/Library/Java/JavaVirtualMachines/jdk1.8.0_20.jdk/Contents/Home/jre/lib" />
    <property name="ant.project.name" value="JBomberman" />
    <property name="DSTAMP" value="20150407" />
    <property name="java.version" value="1.8.0_20" />
    <property name="user.timezone" value="Europe/Zurich" />
    <property name="bin" value="/Users/silvan/SE2Proj/workspace/jbomberman/bin" />
    <property name="sun.arch.data.model" value="64" />
    <property name="http.nonProxyHosts" value="local|*.local|169.254/16|*.169.254/16" />
    <property name="java.endorsed.dirs" value="/Library/Java/JavaVirtualMachines/jdk1.8.0_20.jdk/Contents/Home/jre/lib/endorsed" />
    <property name="sun.cpu.isalist" value="" />
    <property name="sun.jnu.encoding" value="UTF-8" />
    <property name="file.encoding.pkg" value="sun.io" />
    <property name="file.separator" value="/" />
    <property name="java.specification.name" value="Java Platform API Specification" />
    <property name="ant.file.type.JBomberman" value="file" />
    <property name="java.class.version" value="52.0" />
    <property name="src" value="/Users/silvan/SE2Proj/workspace/jbomberman/src" />
    <property name="user.country" value="US" />
    <property name="java.home" value="/Library/Java/JavaVirtualMachines/jdk1.8.0_20.jdk/Contents/Home/jre" />
    <property name="java.vm.info" value="mixed mode" />
    <property name="ant.file" value="/Users/silvan/SE2Proj/workspace/jbomberman/build.xml" />
    <property name="os.version" value="10.9.5" />
    <property name="ant.file.JBomberman" value="/Users/silvan/SE2Proj/workspace/jbomberman/build.xml" />
    <property name="path.separator" value=":" />
    <property name="java.vm.version" value="25.20-b23" />
    <property name="report.dir" value="/Users/silvan/SE2Proj/workspace/jbomberman/reports" />
    <property name="ant.library.dir" value="/Applications/eclipse/plugins/org.apache.ant_1.9.2.v201404171502/lib" />
    <property name="java.awt.printerjob" value="sun.lwawt.macosx.CPrinterJob" />
    <property name="sun.io.unicode.encoding" value="UnicodeBig" />
    <property name="awt.toolkit" value="sun.lwawt.macosx.LWCToolkit" />
    <property name="socksNonProxyHosts" value="local|*.local|169.254/16|*.169.254/16" />
    <property name="ftp.nonProxyHosts" value="local|*.local|169.254/16|*.169.254/16" />
    <property name="eclipse.pdebuild.scripts" value="/Applications/eclipse/plugins/org.eclipse.pde.build_3.9.0.v20140415-2029/scripts//" />
    <property name="user.home" value="/Users/silvan" />
    <property name="java.specification.vendor" value="Oracle Corporation" />
    <property name="test.dir" value="/Users/silvan/SE2Proj/workspace/jbomberman/src/tests" />
    <property name="java.library.path" value="/Users/silvan/Library/Java/Extensions:/Library/Java/Extensions:/Network/Library/Java/Extensions:/System/Library/Java/Extensions:/usr/lib/java:.:/Applications/eclipse/configuration/org.eclipse.osgi/214/0/.cp" />
    <property name="java.vendor.url" value="http://java.oracle.com/" />
    <property name="java.vm.vendor" value="Oracle Corporation" />
    <property name="gopherProxySet" value="false" />
    <property name="java.runtime.name" value="Java(TM) SE Runtime Environment" />
    <property name="sun.java.command" value="org.eclipse.ant.internal.launching.remote.InternalAntRunner -Dorg.eclipse.ant.core.ANT_PROCESS_ID=1428410318806 -Declipse.connect.port=50674 -Declipse.pdebuild.home=/Applications/eclipse/plugins/org.eclipse.pde.build_3.9.0.v20140415-2029/.// -Declipse.pdebuild.scripts=/Applications/eclipse/plugins/org.eclipse.pde.build_3.9.0.v20140415-2029/scripts// -Declipse.pdebuild.templates=/Applications/eclipse/plugins/org.eclipse.pde.build_3.9.0.v20140415-2029/templates// -Dant.home=/Applications/eclipse/plugins/org.apache.ant_1.9.2.v201404171502 -logger org.eclipse.ant.internal.launching.remote.logger.RemoteAntBuildLogger -inputhandler org.eclipse.ant.internal.ui.antsupport.inputhandler.ProxyInputHandler -buildfile /Users/silvan/SE2Proj/workspace/jbomberman/build.xml junit" />
    <property name="java.class.path" value="/Applications/eclipse/plugins/org.apache.ant_1.9.2.v201404171502/lib/ant-antlr.jar:/Applications/eclipse/plugins/org.apache.ant_1.9.2.v201404171502/lib/ant-apache-bcel.jar:/Applications/eclipse/plugins/org.apache.ant_1.9.2.v201404171502/lib/ant-apache-bsf.jar:/Applications/eclipse/plugins/org.apache.ant_1.9.2.v201404171502/lib/ant-apache-log4j.jar:/Applications/eclipse/plugins/org.apache.ant_1.9.2.v201404171502/lib/ant-apache-oro.jar:/Applications/eclipse/plugins/org.apache.ant_1.9.2.v201404171502/lib/ant-apache-regexp.jar:/Applications/eclipse/plugins/org.apache.ant_1.9.2.v201404171502/lib/ant-apache-resolver.jar:/Applications/eclipse/plugins/org.apache.ant_1.9.2.v201404171502/lib/ant-apache-xalan2.jar:/Applications/eclipse/plugins/org.apache.ant_1.9.2.v201404171502/lib/ant-commons-logging.jar:/Applications/eclipse/plugins/org.apache.ant_1.9.2.v201404171502/lib/ant-commons-net.jar:/Applications/eclipse/plugins/org.apache.ant_1.9.2.v201404171502/lib/ant-jai.jar:/Applications/eclipse/plugins/org.apache.ant_1.9.2.v201404171502/lib/ant-javamail.jar:/Applications/eclipse/plugins/org.apache.ant_1.9.2.v201404171502/lib/ant-jdepend.jar:/Applications/eclipse/plugins/org.apache.ant_1.9.2.v201404171502/lib/ant-jmf.jar:/Applications/eclipse/plugins/org.apache.ant_1.9.2.v201404171502/lib/ant-jsch.jar:/Applications/eclipse/plugins/org.apache.ant_1.9.2.v201404171502/lib/ant-junit.jar:/Applications/eclipse/plugins/org.apache.ant_1.9.2.v201404171502/lib/ant-junit4.jar:/Applications/eclipse/plugins/org.apache.ant_1.9.2.v201404171502/lib/ant-launcher.jar:/Applications/eclipse/plugins/org.apache.ant_1.9.2.v201404171502/lib/ant-netrexx.jar:/Applications/eclipse/plugins/org.apache.ant_1.9.2.v201404171502/lib/ant-swing.jar:/Applications/eclipse/plugins/org.apache.ant_1.9.2.v201404171502/lib/ant-testutil.jar:/Applications/eclipse/plugins/org.apache.ant_1.9.2.v201404171502/lib/ant.jar:/Applications/eclipse/configuration/org.eclipse.osgi/29/0/.cp/lib/antdebug.jar:/Applications/eclipse/configuration/org.eclipse.osgi/29/0/.cp/lib/remote.jar:/Applications/eclipse/configuration/org.eclipse.osgi/30/0/.cp/lib/remoteAnt.jar:/Library/Java/JavaVirtualMachines/jdk1.8.0_20.jdk/Contents/Home/lib/tools.jar:/Applications/eclipse/plugins/org.eclipse.swt.cocoa.macosx.x86_64_3.103.0.v20140605-2012.jar" />
    <property name="ant.version" value="Apache Ant(TM) version 1.9.2 compiled on July 8 2013" />
    <property name="TSTAMP" value="1438" />
    <property name="java.vm.specification.name" value="Java Virtual Machine Specification" />
    <property name="java.vm.specification.version" value="1.8" />
    <property name="sun.cpu.endian" value="little" />
    <property name="sun.os.patch.level" value="unknown" />
    <property name="eclipse.pdebuild.home" value="/Applications/eclipse/plugins/org.eclipse.pde.build_3.9.0.v20140415-2029/.//" />
    <property name="java.io.tmpdir" value="/var/folders/fp/6ry234zj5b15qbr5nns_xkcr0000gn/T/" />
    <property name="java.vendor.url.bug" value="http://bugreport.sun.com/bugreport/" />
    <property name="os.arch" value="x86_64" />
    <property name="java.awt.graphicsenv" value="sun.awt.CGraphicsEnvironment" />
    <property name="java.ext.dirs" value="/Users/silvan/Library/Java/Extensions:/Library/Java/JavaVirtualMachines/jdk1.8.0_20.jdk/Contents/Home/jre/lib/ext:/Library/Java/Extensions:/Network/Library/Java/Extensions:/System/Library/Java/Extensions:/usr/lib/java" />
    <property name="user.dir" value="/Users/silvan/SE2Proj/workspace/jbomberman" />
    <property name="line.separator" value="&#xa;" />
    <property name="build.test.dir" value="/Users/silvan/SE2Proj/workspace/jbomberman/build/tests" />
    <property name="java.vm.name" value="Java HotSpot(TM) 64-Bit Server VM" />
    <property name="basedir" value="/Users/silvan/SE2Proj/workspace/jbomberman" />
    <property name="ant.java.version" value="1.8" />
    <property name="ant.core.lib" value="/Applications/eclipse/plugins/org.apache.ant_1.9.2.v201404171502/lib/ant.jar" />
    <property name="file.encoding" value="UTF-8" />
    <property name="java.specification.version" value="1.8" />
    <property name="ant.project.invoked-targets" value="junit" />
  </properties>
  <testcase classname="tests.TestClass" name="mySimpleTest" time="0.001" />
  <testcase classname="tests.TestClass" name="mySimpleTest2" time="0.0" />
  <system-out><![CDATA[]]></system-out>
  <system-err><![CDATA[]]></system-err>
</testsuite>
